# JRE version: OpenJDK Runtime Environment Temurin-21.0.12.1+1 (21.0.12.1+1) (build 21.0.12.1+1-LTS)
# Java VM: OpenJDK 64-Bit Server VM Temurin-21.0.12.1+1 (21.0.12.1+1-LTS, mixed mode, sharing, tiered, compressed oops, compressed class ptrs, parallel gc, windows-amd64)
GC Precious Log:
 CardTable entry size: 512
 CPUs: 12 total, 12 available
 Memory: 11995M
 Large Page Support: Disabled
 NUMA Support: Disabled
 Compressed Oops: Enabled (Zero based)
 Alignments: Space 512K, Generation 512K, Heap 2M
 Heap Min Capacity: 100M
 Heap Initial Capacity: 100M
 Heap Max Capacity: 4G
 Pre-touch: Disabled
 Parallel Workers: 10
Heap:
 PSYoungGen      total 2048K, used 1233K [0x00000007aab00000, 0x00000007aae00000, 0x0000000800000000)
  eden space 1536K, 59% used [0x00000007aab00000,0x00000007aabe45b8,0x00000007aac80000)
  from space 512K, 62% used [0x00000007aad80000,0x00000007aadd0000,0x00000007aae00000)
  to   space 512K, 0% used [0x00000007aad00000,0x00000007aad00000,0x00000007aad80000)
 ParOldGen       total 600064K, used 133739K [0x0000000700000000, 0x0000000724a00000, 0x00000007aab00000)
  object space 600064K, 22% used [0x0000000700000000,0x000000070829ac20,0x0000000724a00000)
 Metaspace       used 84917K, committed 86656K, reserved 1179648K
  class space    used 8463K, committed 9280K, reserved 1048576K
GC Heap History (20 events):
Event: 1622.897 GC heap before
{Heap before GC invocations=1700 (full 5):
 PSYoungGen      total 2048K, used 1952K [0x00000007aab00000, 0x00000007aae00000, 0x0000000800000000)
  eden space 1536K, 100% used [0x00000007aab00000,0x00000007aac80000,0x00000007aac80000)
  from space 512K, 81% used [0x00000007aad80000,0x00000007aade8000,0x00000007aae00000)
  to   space 512K, 0% used [0x00000007aad00000,0x00000007aad00000,0x00000007aad80000)
 ParOldGen       total 600064K, used 131124K [0x0000000700000000, 0x0000000724a00000, 0x00000007aab00000)
  object space 600064K, 21% used [0x0000000700000000,0x000000070800d308,0x0000000724a00000)
 Metaspace       used 84876K, committed 86656K, reserved 1179648K
  class space    used 8463K, committed 9280K, reserved 1048576K
}
Event: 1622.900 GC heap after
{Heap after GC invocations=1700 (full 5):
 PSYoungGen      total 2048K, used 512K [0x00000007aab00000, 0x00000007aae80000, 0x0000000800000000)
  eden space 1536K, 0% used [0x00000007aab00000,0x00000007aab00000,0x00000007aac80000)
  from space 512K, 100% used [0x00000007aad00000,0x00000007aad80000,0x00000007aad80000)
  to   space 1024K, 0% used [0x00000007aad80000,0x00000007aad80000,0x00000007aae80000)
 ParOldGen       total 600064K, used 131316K [0x0000000700000000, 0x0000000724a00000, 0x00000007aab00000)
  object space 600064K, 21% used [0x0000000700000000,0x000000070803d338,0x0000000724a00000)
 Metaspace       used 84876K, committed 86656K, reserved 1179648K
  class space    used 8463K, committed 9280K, reserved 1048576K
}
Event: 1622.907 GC heap before
{Heap before GC invocations=1701 (full 5):
 PSYoungGen      total 2048K, used 2048K [0x00000007aab00000, 0x00000007aae80000, 0x0000000800000000)
  eden space 1536K, 100% used [0x00000007aab00000,0x00000007aac80000,0x00000007aac80000)
  from space 512K, 100% used [0x00000007aad00000,0x00000007aad80000,0x00000007aad80000)
  to   space 1024K, 0% used [0x00000007aad80000,0x00000007aad80000,0x00000007aae80000)
 ParOldGen       total 600064K, used 131316K [0x0000000700000000, 0x0000000724a00000, 0x00000007aab00000)
  object space 600064K, 21% used [0x0000000700000000,0x000000070803d338,0x0000000724a00000)
 Metaspace       used 84876K, committed 86656K, reserved 1179648K
  class space    used 8463K, committed 9280K, reserved 1048576K
}
Event: 1622.910 GC heap after
{Heap after GC invocations=1701 (full 5):
 PSYoungGen      total 2560K, used 560K [0x00000007aab00000, 0x00000007aae80000, 0x0000000800000000)
  eden space 1536K, 0% used [0x00000007aab00000,0x00000007aab00000,0x00000007aac80000)
  from space 1024K, 54% used [0x00000007aad80000,0x00000007aae0c030,0x00000007aae80000)
  to   space 1024K, 0% used [0x00000007aac80000,0x00000007aac80000,0x00000007aad80000)
 ParOldGen       total 600064K, used 131736K [0x0000000700000000, 0x0000000724a00000, 0x00000007aab00000)
  object space 600064K, 21% used [0x0000000700000000,0x00000007080a6358,0x0000000724a00000)
 Metaspace       used 84876K, committed 86656K, reserved 1179648K
  class space    used 8463K, committed 9280K, reserved 1048576K
}
Event: 1622.917 GC heap before
{Heap before GC invocations=1702 (full 5):
 PSYoungGen      total 2560K, used 2096K [0x00000007aab00000, 0x00000007aae80000, 0x0000000800000000)
  eden space 1536K, 100% used [0x00000007aab00000,0x00000007aac80000,0x00000007aac80000)
  from space 1024K, 54% used [0x00000007aad80000,0x00000007aae0c030,0x00000007aae80000)
  to   space 1024K, 0% used [0x00000007aac80000,0x00000007aac80000,0x00000007aad80000)
 ParOldGen       total 600064K, used 131736K [0x0000000700000000, 0x0000000724a00000, 0x00000007aab00000)
  object space 600064K, 21% used [0x0000000700000000,0x00000007080a6358,0x0000000724a00000)
 Metaspace       used 84876K, committed 86656K, reserved 1179648K
  class space    used 8463K, committed 9280K, reserved 1048576K
}
Event: 1622.919 GC heap after
{Heap after GC invocations=1702 (full 5):
 PSYoungGen      total 2560K, used 448K [0x00000007aab00000, 0x00000007aae00000, 0x0000000800000000)
  eden space 1536K, 0% used [0x00000007aab00000,0x00000007aab00000,0x00000007aac80000)
  from space 1024K, 43% used [0x00000007aac80000,0x00000007aacf0000,0x00000007aad80000)
  to   space 512K, 0% used [0x00000007aad80000,0x00000007aad80000,0x00000007aae00000)
 ParOldGen       total 600064K, used 132262K [0x0000000700000000, 0x0000000724a00000, 0x00000007aab00000)
  object space 600064K, 22% used [0x0000000700000000,0x0000000708129ba0,0x0000000724a00000)
 Metaspace       used 84876K, committed 86656K, reserved 1179648K
  class space    used 8463K, committed 9280K, reserved 1048576K
}
Event: 1622.924 GC heap before
{Heap before GC invocations=1703 (full 5):
 PSYoungGen      total 2560K, used 1984K [0x00000007aab00000, 0x00000007aae00000, 0x0000000800000000)
  eden space 1536K, 100% used [0x00000007aab00000,0x00000007aac80000,0x00000007aac80000)
  from space 1024K, 43% used [0x00000007aac80000,0x00000007aacf0000,0x00000007aad80000)
  to   space 512K, 0% used [0x00000007aad80000,0x00000007aad80000,0x00000007aae00000)
 ParOldGen       total 600064K, used 132262K [0x0000000700000000, 0x0000000724a00000, 0x00000007aab00000)
  object space 600064K, 22% used [0x0000000700000000,0x0000000708129ba0,0x0000000724a00000)
 Metaspace       used 84876K, committed 86656K, reserved 1179648K
  class space    used 8463K, committed 9280K, reserved 1048576K
}
Event: 1622.925 GC heap after
{Heap after GC invocations=1703 (full 5):
 PSYoungGen      total 2048K, used 352K [0x00000007aab00000, 0x00000007aae00000, 0x0000000800000000)
  eden space 1536K, 0% used [0x00000007aab00000,0x00000007aab00000,0x00000007aac80000)
  from space 512K, 68% used [0x00000007aad80000,0x00000007aadd8000,0x00000007aae00000)
  to   space 512K, 0% used [0x00000007aad00000,0x00000007aad00000,0x00000007aad80000)
 ParOldGen       total 600064K, used 132546K [0x0000000700000000, 0x0000000724a00000, 0x00000007aab00000)
  object space 600064K, 22% used [0x0000000700000000,0x0000000708170bb0,0x0000000724a00000)
 Metaspace       used 84876K, committed 86656K, reserved 1179648K
  class space    used 8463K, committed 9280K, reserved 1048576K
}
Event: 1622.975 GC heap before
{Heap before GC invocations=1704 (full 5):
 PSYoungGen      total 2048K, used 1888K [0x00000007aab00000, 0x00000007aae00000, 0x0000000800000000)
  eden space 1536K, 100% used [0x00000007aab00000,0x00000007aac80000,0x00000007aac80000)
  from space 512K, 68% used [0x00000007aad80000,0x00000007aadd8000,0x00000007aae00000)
  to   space 512K, 0% used [0x00000007aad00000,0x00000007aad00000,0x00000007aad80000)
 ParOldGen       total 600064K, used 132546K [0x0000000700000000, 0x0000000724a00000, 0x00000007aab00000)
  object space 600064K, 22% used [0x0000000700000000,0x0000000708170bb0,0x0000000724a00000)
 Metaspace       used 84876K, committed 86656K, reserved 1179648K
  class space    used 8463K, committed 9280K, reserved 1048576K
}
Event: 1622.978 GC heap after
{Heap after GC invocations=1704 (full 5):
 PSYoungGen      total 2048K, used 512K [0x00000007aab00000, 0x00000007aae80000, 0x0000000800000000)
  eden space 1536K, 0% used [0x00000007aab00000,0x00000007aab00000,0x00000007aac80000)
  from space 512K, 100% used [0x00000007aad00000,0x00000007aad80000,0x00000007aad80000)
  to   space 1024K, 0% used [0x00000007aad80000,0x00000007aad80000,0x00000007aae80000)
 ParOldGen       total 600064K, used 132746K [0x0000000700000000, 0x0000000724a00000, 0x00000007aab00000)
  object space 600064K, 22% used [0x0000000700000000,0x00000007081a2bd0,0x0000000724a00000)
 Metaspace       used 84876K, committed 86656K, reserved 1179648K
  class space    used 8463K, committed 9280K, reserved 1048576K
}
Event: 1718.304 GC heap before
{Heap before GC invocations=1705 (full 5):
 PSYoungGen      total 2048K, used 2048K [0x00000007aab00000, 0x00000007aae80000, 0x0000000800000000)
  eden space 1536K, 100% used [0x00000007aab00000,0x00000007aac80000,0x00000007aac80000)
  from space 512K, 100% used [0x00000007aad00000,0x00000007aad80000,0x00000007aad80000)
  to   space 1024K, 0% used [0x00000007aad80000,0x00000007aad80000,0x00000007aae80000)
 ParOldGen       total 600064K, used 132746K [0x0000000700000000, 0x0000000724a00000, 0x00000007aab00000)
  object space 600064K, 22% used [0x0000000700000000,0x00000007081a2bd0,0x0000000724a00000)
 Metaspace       used 84880K, committed 86656K, reserved 1179648K
  class space    used 8463K, committed 9280K, reserved 1048576K
}
Event: 1718.308 GC heap after
{Heap after GC invocations=1705 (full 5):
 PSYoungGen      total 2560K, used 448K [0x00000007aab00000, 0x00000007aae80000, 0x0000000800000000)
  eden space 1536K, 0% used [0x00000007aab00000,0x00000007aab00000,0x00000007aac80000)
  from space 1024K, 43% used [0x00000007aad80000,0x00000007aadf0000,0x00000007aae80000)
  to   space 1024K, 0% used [0x00000007aac80000,0x00000007aac80000,0x00000007aad80000)
 ParOldGen       total 600064K, used 133170K [0x0000000700000000, 0x0000000724a00000, 0x00000007aab00000)
  object space 600064K, 22% used [0x0000000700000000,0x000000070820cbf0,0x0000000724a00000)
 Metaspace       used 84880K, committed 86656K, reserved 1179648K
  class space    used 8463K, committed 9280K, reserved 1048576K
}
Event: 1783.071 GC heap before
{Heap before GC invocations=1706 (full 5):
 PSYoungGen      total 2560K, used 1984K [0x00000007aab00000, 0x00000007aae80000, 0x0000000800000000)
  eden space 1536K, 100% used [0x00000007aab00000,0x00000007aac80000,0x00000007aac80000)
  from space 1024K, 43% used [0x00000007aad80000,0x00000007aadf0000,0x00000007aae80000)
  to   space 1024K, 0% used [0x00000007aac80000,0x00000007aac80000,0x00000007aad80000)
 ParOldGen       total 600064K, used 133170K [0x0000000700000000, 0x0000000724a00000, 0x00000007aab00000)
  object space 600064K, 22% used [0x0000000700000000,0x000000070820cbf0,0x0000000724a00000)
 Metaspace       used 84905K, committed 86656K, reserved 1179648K
  class space    used 8463K, committed 9280K, reserved 1048576K
}
Event: 1783.073 GC heap after
{Heap after GC invocations=1706 (full 5):
 PSYoungGen      total 2560K, used 288K [0x00000007aab00000, 0x00000007aae00000, 0x0000000800000000)
  eden space 1536K, 0% used [0x00000007aab00000,0x00000007aab00000,0x00000007aac80000)
  from space 1024K, 28% used [0x00000007aac80000,0x00000007aacc8000,0x00000007aad80000)
  to   space 512K, 0% used [0x00000007aad80000,0x00000007aad80000,0x00000007aae00000)
 ParOldGen       total 600064K, used 133507K [0x0000000700000000, 0x0000000724a00000, 0x00000007aab00000)
  object space 600064K, 22% used [0x0000000700000000,0x0000000708260c00,0x0000000724a00000)
 Metaspace       used 84905K, committed 86656K, reserved 1179648K
  class space    used 8463K, committed 9280K, reserved 1048576K
}
Event: 1783.319 GC heap before
{Heap before GC invocations=1707 (full 5):
 PSYoungGen      total 2560K, used 1824K [0x00000007aab00000, 0x00000007aae00000, 0x0000000800000000)
  eden space 1536K, 100% used [0x00000007aab00000,0x00000007aac80000,0x00000007aac80000)
  from space 1024K, 28% used [0x00000007aac80000,0x00000007aacc8000,0x00000007aad80000)
  to   space 512K, 0% used [0x00000007aad80000,0x00000007aad80000,0x00000007aae00000)
 ParOldGen       total 600064K, used 133507K [0x0000000700000000, 0x0000000724a00000, 0x00000007aab00000)
  object space 600064K, 22% used [0x0000000700000000,0x0000000708260c00,0x0000000724a00000)
 Metaspace       used 84905K, committed 86656K, reserved 1179648K
  class space    used 8463K, committed 9280K, reserved 1048576K
}
Event: 1783.322 GC heap after
{Heap after GC invocations=1707 (full 5):
 PSYoungGen      total 2048K, used 352K [0x00000007aab00000, 0x00000007aae00000, 0x0000000800000000)
  eden space 1536K, 0% used [0x00000007aab00000,0x00000007aab00000,0x00000007aac80000)
  from space 512K, 68% used [0x00000007aad80000,0x00000007aadd8000,0x00000007aae00000)
  to   space 512K, 0% used [0x00000007aad00000,0x00000007aad00000,0x00000007aad80000)
 ParOldGen       total 600064K, used 133571K [0x0000000700000000, 0x0000000724a00000, 0x00000007aab00000)
  object space 600064K, 22% used [0x0000000700000000,0x0000000708270c00,0x0000000724a00000)
 Metaspace       used 84905K, committed 86656K, reserved 1179648K
  class space    used 8463K, committed 9280K, reserved 1048576K
}
Event: 1783.450 GC heap before
{Heap before GC invocations=1708 (full 5):
 PSYoungGen      total 2048K, used 1888K [0x00000007aab00000, 0x00000007aae00000, 0x0000000800000000)
  eden space 1536K, 100% used [0x00000007aab00000,0x00000007aac80000,0x00000007aac80000)
  from space 512K, 68% used [0x00000007aad80000,0x00000007aadd8000,0x00000007aae00000)
  to   space 512K, 0% used [0x00000007aad00000,0x00000007aad00000,0x00000007aad80000)
 ParOldGen       total 600064K, used 133571K [0x0000000700000000, 0x0000000724a00000, 0x00000007aab00000)
  object space 600064K, 22% used [0x0000000700000000,0x0000000708270c00,0x0000000724a00000)
 Metaspace       used 84907K, committed 86656K, reserved 1179648K
  class space    used 8463K, committed 9280K, reserved 1048576K
}
Event: 1783.452 GC heap after
{Heap after GC invocations=1708 (full 5):
 PSYoungGen      total 2048K, used 256K [0x00000007aab00000, 0x00000007aae00000, 0x0000000800000000)
  eden space 1536K, 0% used [0x00000007aab00000,0x00000007aab00000,0x00000007aac80000)
  from space 512K, 50% used [0x00000007aad00000,0x00000007aad40000,0x00000007aad80000)
  to   space 512K, 0% used [0x00000007aad80000,0x00000007aad80000,0x00000007aae00000)
 ParOldGen       total 600064K, used 133691K [0x0000000700000000, 0x0000000724a00000, 0x00000007aab00000)
  object space 600064K, 22% used [0x0000000700000000,0x000000070828ec20,0x0000000724a00000)
 Metaspace       used 84907K, committed 86656K, reserved 1179648K
  class space    used 8463K, committed 9280K, reserved 1048576K
}
Event: 1783.585 GC heap before
{Heap before GC invocations=1709 (full 5):
 PSYoungGen      total 2048K, used 1792K [0x00000007aab00000, 0x00000007aae00000, 0x0000000800000000)
  eden space 1536K, 100% used [0x00000007aab00000,0x00000007aac80000,0x00000007aac80000)
  from space 512K, 50% used [0x00000007aad00000,0x00000007aad40000,0x00000007aad80000)
  to   space 512K, 0% used [0x00000007aad80000,0x00000007aad80000,0x00000007aae00000)
 ParOldGen       total 600064K, used 133691K [0x0000000700000000, 0x0000000724a00000, 0x00000007aab00000)
  object space 600064K, 22% used [0x0000000700000000,0x000000070828ec20,0x0000000724a00000)
 Metaspace       used 84908K, committed 86656K, reserved 1179648K
  class space    used 8463K, committed 9280K, reserved 1048576K
}
Event: 1783.586 GC heap after
{Heap after GC invocations=1709 (full 5):
 PSYoungGen      total 2048K, used 320K [0x00000007aab00000, 0x00000007aae00000, 0x0000000800000000)
  eden space 1536K, 0% used [0x00000007aab00000,0x00000007aab00000,0x00000007aac80000)
  from space 512K, 62% used [0x00000007aad80000,0x00000007aadd0000,0x00000007aae00000)
  to   space 512K, 0% used [0x00000007aad00000,0x00000007aad00000,0x00000007aad80000)
 ParOldGen       total 600064K, used 133739K [0x0000000700000000, 0x0000000724a00000, 0x00000007aab00000)
  object space 600064K, 22% used [0x0000000700000000,0x000000070829ac20,0x0000000724a00000)
 Metaspace       used 84908K, committed 86656K, reserved 1179648K
  class space    used 8463K, committed 9280K, reserved 1048576K
}

